# JRE version: Java(TM) SE Runtime Environment (8.0_66-b18) (build 1.8.0_66-b18)
# Java VM: Java HotSpot(TM) 64-Bit Server VM (25.66-b18 mixed mode windows-amd64 compressed oops)
Heap:
 PSYoungGen      total 416256K, used 64654K [0x00000000d5d80000, 0x0000000100000000, 0x0000000100000000)
  eden space 230912K, 27% used [0x00000000d5d80000,0x00000000d9ca3b50,0x00000000e3f00000)
  from space 185344K, 0% used [0x00000000f2e00000,0x00000000f2e00000,0x00000000fe300000)
  to   space 229888K, 0% used [0x00000000e3f00000,0x00000000e3f00000,0x00000000f1f80000)
 ParOldGen       total 1381888K, used 1329929K [0x0000000081800000, 0x00000000d5d80000, 0x00000000d5d80000)
  object space 1381888K, 96% used [0x0000000081800000,0x00000000d2ac2748,0x00000000d5d80000)
 Metaspace       used 3898K, capacity 4650K, committed 4864K, reserved 1056768K
  class space    used 441K, capacity 466K, committed 512K, reserved 1048576K
GC Heap History (10 events):
Event: 26.096 GC heap before
{Heap before GC invocations=19 (full 3):
 PSYoungGen      total 374272K, used 374272K [0x00000000d5d80000, 0x00000000fe300000, 0x0000000100000000)
  eden space 227840K, 100% used [0x00000000d5d80000,0x00000000e3c00000,0x00000000e3c00000)
  from space 146432K, 100% used [0x00000000e3c00000,0x00000000ecb00000,0x00000000ecb00000)
  to   space 185344K, 0% used [0x00000000f2e00000,0x00000000f2e00000,0x00000000fe300000)
 ParOldGen       total 1235968K, used 1047761K [0x0000000081800000, 0x00000000ccf00000, 0x00000000d5d80000)
  object space 1235968K, 84% used [0x0000000081800000,0x00000000c1734428,0x00000000ccf00000)
 Metaspace       used 3898K, capacity 4650K, committed 4864K, reserved 1056768K
  class space    used 441K, capacity 466K, committed 512K, reserved 1048576K
Event: 26.986 GC heap after
Heap after GC invocations=19 (full 3):
 PSYoungGen      total 416256K, used 185344K [0x00000000d5d80000, 0x0000000100000000, 0x0000000100000000)
  eden space 230912K, 0% used [0x00000000d5d80000,0x00000000d5d80000,0x00000000e3f00000)
  from space 185344K, 100% used [0x00000000f2e00000,0x00000000fe300000,0x00000000fe300000)
  to   space 229888K, 0% used [0x00000000e3f00000,0x00000000e3f00000,0x00000000f1f80000)
 ParOldGen       total 1235968K, used 1117049K [0x0000000081800000, 0x00000000ccf00000, 0x00000000d5d80000)
  object space 1235968K, 90% used [0x0000000081800000,0x00000000c5ade428,0x00000000ccf00000)
 Metaspace       used 3898K, capacity 4650K, committed 4864K, reserved 1056768K
  class space    used 441K, capacity 466K, committed 512K, reserved 1048576K
}
Event: 26.986 GC heap before
{Heap before GC invocations=20 (full 4):
 PSYoungGen      total 416256K, used 185344K [0x00000000d5d80000, 0x0000000100000000, 0x0000000100000000)
  eden space 230912K, 0% used [0x00000000d5d80000,0x00000000d5d80000,0x00000000e3f00000)
  from space 185344K, 100% used [0x00000000f2e00000,0x00000000fe300000,0x00000000fe300000)
  to   space 229888K, 0% used [0x00000000e3f00000,0x00000000e3f00000,0x00000000f1f80000)
 ParOldGen       total 1235968K, used 1117049K [0x0000000081800000, 0x00000000ccf00000, 0x00000000d5d80000)
  object space 1235968K, 90% used [0x0000000081800000,0x00000000c5ade428,0x00000000ccf00000)
 Metaspace       used 3898K, capacity 4650K, committed 4864K, reserved 1056768K
  class space    used 441K, capacity 466K, committed 512K, reserved 1048576K
Event: 29.466 GC heap after
Heap after GC invocations=20 (full 4):
 PSYoungGen      total 416256K, used 37853K [0x00000000d5d80000, 0x0000000100000000, 0x0000000100000000)
  eden space 230912K, 0% used [0x00000000d5d80000,0x00000000d5d80000,0x00000000e3f00000)
  from space 185344K, 20% used [0x00000000f2e00000,0x00000000f52f7700,0x00000000fe300000)
  to   space 229888K, 0% used [0x00000000e3f00000,0x00000000e3f00000,0x00000000f1f80000)
 ParOldGen       total 1381888K, used 1235588K [0x0000000081800000, 0x00000000d5d80000, 0x00000000d5d80000)
  object space 1381888K, 89% used [0x0000000081800000,0x00000000ccea1128,0x00000000d5d80000)
 Metaspace       used 3898K, capacity 4650K, committed 4864K, reserved 1056768K
  class space    used 441K, capacity 466K, committed 512K, reserved 1048576K
}
Event: 30.824 GC heap before
{Heap before GC invocations=21 (full 5):
 PSYoungGen      total 416256K, used 268765K [0x00000000d5d80000, 0x0000000100000000, 0x0000000100000000)
  eden space 230912K, 100% used [0x00000000d5d80000,0x00000000e3f00000,0x00000000e3f00000)
  from space 185344K, 20% used [0x00000000f2e00000,0x00000000f52f7700,0x00000000fe300000)
  to   space 229888K, 0% used [0x00000000e3f00000,0x00000000e3f00000,0x00000000f1f80000)
 ParOldGen       total 1381888K, used 1235588K [0x0000000081800000, 0x00000000d5d80000, 0x00000000d5d80000)
  object space 1381888K, 89% used [0x0000000081800000,0x00000000ccea1128,0x00000000d5d80000)
 Metaspace       used 3898K, capacity 4650K, committed 4864K, reserved 1056768K
  class space    used 441K, capacity 466K, committed 512K, reserved 1048576K
Event: 33.689 GC heap after
Heap after GC invocations=21 (full 5):
 PSYoungGen      total 416256K, used 0K [0x00000000d5d80000, 0x0000000100000000, 0x0000000100000000)
  eden space 230912K, 0% used [0x00000000d5d80000,0x00000000d5d80000,0x00000000e3f00000)
  from space 185344K, 0% used [0x00000000f2e00000,0x00000000f2e00000,0x00000000fe300000)
  to   space 229888K, 0% used [0x00000000e3f00000,0x00000000e3f00000,0x00000000f1f80000)
 ParOldGen       total 1381888K, used 1333282K [0x0000000081800000, 0x00000000d5d80000, 0x00000000d5d80000)
  object space 1381888K, 96% used [0x0000000081800000,0x00000000d2e08870,0x00000000d5d80000)
 Metaspace       used 3898K, capacity 4650K, committed 4864K, reserved 1056768K
  class space    used 441K, capacity 466K, committed 512K, reserved 1048576K
}
Event: 35.144 GC heap before
{Heap before GC invocations=22 (full 6):
 PSYoungGen      total 416256K, used 230912K [0x00000000d5d80000, 0x0000000100000000, 0x0000000100000000)
  eden space 230912K, 100% used [0x00000000d5d80000,0x00000000e3f00000,0x00000000e3f00000)
  from space 185344K, 0% used [0x00000000f2e00000,0x00000000f2e00000,0x00000000fe300000)
  to   space 229888K, 0% used [0x00000000e3f00000,0x00000000e3f00000,0x00000000f1f80000)
 ParOldGen       total 1381888K, used 1333282K [0x0000000081800000, 0x00000000d5d80000, 0x00000000d5d80000)
  object space 1381888K, 96% used [0x0000000081800000,0x00000000d2e08870,0x00000000d5d80000)
 Metaspace       used 3898K, capacity 4650K, committed 4864K, reserved 1056768K
  class space    used 441K, capacity 466K, committed 512K, reserved 1048576K
Event: 37.732 GC heap after
Heap after GC invocations=22 (full 6):
 PSYoungGen      total 416256K, used 0K [0x00000000d5d80000, 0x0000000100000000, 0x0000000100000000)
  eden space 230912K, 0% used [0x00000000d5d80000,0x00000000d5d80000,0x00000000e3f00000)
  from space 185344K, 0% used [0x00000000f2e00000,0x00000000f2e00000,0x00000000fe300000)
  to   space 229888K, 0% used [0x00000000e3f00000,0x00000000e3f00000,0x00000000f1f80000)
 ParOldGen       total 1381888K, used 1241270K [0x0000000081800000, 0x00000000d5d80000, 0x00000000d5d80000)
  object space 1381888K, 89% used [0x0000000081800000,0x00000000cd42d8f0,0x00000000d5d80000)
 Metaspace       used 3898K, capacity 4650K, committed 4864K, reserved 1056768K
  class space    used 441K, capacity 466K, committed 512K, reserved 1048576K
}
Event: 39.365 GC heap before
{Heap before GC invocations=23 (full 7):
 PSYoungGen      total 416256K, used 230912K [0x00000000d5d80000, 0x0000000100000000, 0x0000000100000000)
  eden space 230912K, 100% used [0x00000000d5d80000,0x00000000e3f00000,0x00000000e3f00000)
  from space 185344K, 0% used [0x00000000f2e00000,0x00000000f2e00000,0x00000000fe300000)
  to   space 229888K, 0% used [0x00000000e3f00000,0x00000000e3f00000,0x00000000f1f80000)
 ParOldGen       total 1381888K, used 1241270K [0x0000000081800000, 0x00000000d5d80000, 0x00000000d5d80000)
  object space 1381888K, 89% used [0x0000000081800000,0x00000000cd42d8f0,0x00000000d5d80000)
 Metaspace       used 3898K, capacity 4650K, committed 4864K, reserved 1056768K
  class space    used 441K, capacity 466K, committed 512K, reserved 1048576K
Event: 42.472 GC heap after
Heap after GC invocations=23 (full 7):
 PSYoungGen      total 416256K, used 0K [0x00000000d5d80000, 0x0000000100000000, 0x0000000100000000)
  eden space 230912K, 0% used [0x00000000d5d80000,0x00000000d5d80000,0x00000000e3f00000)
  from space 185344K, 0% used [0x00000000f2e00000,0x00000000f2e00000,0x00000000fe300000)
  to   space 229888K, 0% used [0x00000000e3f00000,0x00000000e3f00000,0x00000000f1f80000)
 ParOldGen       total 1381888K, used 1329929K [0x0000000081800000, 0x00000000d5d80000, 0x00000000d5d80000)
  object space 1381888K, 96% used [0x0000000081800000,0x00000000d2ac2748,0x00000000d5d80000)
 Metaspace       used 3898K, capacity 4650K, committed 4864K, reserved 1056768K
  class space    used 441K, capacity 466K, committed 512K, reserved 1048576K
}

